Using pre-set license
Built from '2020.3/staging' branch; Version is '2020.3.20f1 (41c4e627c95f) revision 4310246'; Using compiler version '192528614'; Build Type 'Release'
OS: 'Windows 10 Home; OS build 19042.1348; Version 2009; 64bit' Language: 'en' Physical Memory: 16226 MB
BatchMode: 1, IsHumanControllingUs: 0, StartBugReporterOnCrash: 0, Is64bit: 1, IsPro: 0

COMMAND LINE ARGUMENTS:
C:\Program Files\Unity\Hub\Editor\2020.3.20f1\Editor\Unity.exe
-adb2
-batchMode
-noUpm
-name
AssetImportWorker0
-projectPath
C:/Users/donav/Documents/School Documents/Module Materials/2021/Sem 2/ITD/ITD_Assg1
-logFile
Logs/AssetImportWorker0.log
-srvPort
62914
Successfully changed project path to: C:/Users/donav/Documents/School Documents/Module Materials/2021/Sem 2/ITD/ITD_Assg1
C:/Users/donav/Documents/School Documents/Module Materials/2021/Sem 2/ITD/ITD_Assg1
Using Asset Import Pipeline V2.
Refreshing native plugins compatible for Editor in 76.51 ms, found 5 plugins.
Preloading 2 native plugins for Editor in 9.16 ms.
Initialize engine version: 2020.3.20f1 (41c4e627c95f)
[Subsystems] Discovering subsystems at path C:/Program Files/Unity/Hub/Editor/2020.3.20f1/Editor/Data/Resources/UnitySubsystems
[Subsystems] Discovering subsystems at path C:/Users/donav/Documents/School Documents/Module Materials/2021/Sem 2/ITD/ITD_Assg1/Assets
GfxDevice: creating device client; threaded=0
Direct3D:
    Version:  Direct3D 11.0 [level 11.1]
    Renderer: NVIDIA GeForce GTX 1650 (ID=0x1f91)
    Vendor:   
    VRAM:     3962 MB
    Driver:   30.0.14.9676
Initialize mono
Mono path[0] = 'C:/Program Files/Unity/Hub/Editor/2020.3.20f1/Editor/Data/Managed'
Mono path[1] = 'C:/Program Files/Unity/Hub/Editor/2020.3.20f1/Editor/Data/MonoBleedingEdge/lib/mono/unityjit'
Mono config path = 'C:/Program Files/Unity/Hub/Editor/2020.3.20f1/Editor/Data/MonoBleedingEdge/etc'
Using monoOptions --debugger-agent=transport=dt_socket,embedding=1,server=y,suspend=n,address=127.0.0.1:56588
Begin MonoManager ReloadAssembly
Registering precompiled unity dll's ...
Register platform support module: C:/Program Files/Unity/Hub/Editor/2020.3.20f1/Editor/Data/PlaybackEngines/WindowsStandaloneSupport/UnityEditor.WindowsStandalone.Extensions.dll
Registered in 0.003317 seconds.
Native extension for WindowsStandalone target not found
Refreshing native plugins compatible for Editor in 57.64 ms, found 5 plugins.
Preloading 2 native plugins for Editor in 0.14 ms.
Mono: successfully reloaded assembly
- Completed reload, in  2.220 seconds
Domain Reload Profiling:
	ReloadAssembly (2221ms)
		BeginReloadAssembly (68ms)
			ExecutionOrderSort (0ms)
			DisableScriptedObjects (0ms)
			BackupInstance (0ms)
			ReleaseScriptingObjects (0ms)
			CreateAndSetChildDomain (1ms)
		EndReloadAssembly (634ms)
			LoadAssemblies (64ms)
			RebuildTransferFunctionScriptingTraits (0ms)
			SetupTypeCache (229ms)
			ReleaseScriptCaches (0ms)
			RebuildScriptCaches (56ms)
			SetupLoadedEditorAssemblies (238ms)
				LogAssemblyErrors (0ms)
				InitializePlatformSupportModulesInManaged (6ms)
				SetLoadedEditorAssemblies (0ms)
				RefreshPlugins (58ms)
				BeforeProcessingInitializeOnLoad (22ms)
				ProcessInitializeOnLoadAttributes (101ms)
				ProcessInitializeOnLoadMethodAttributes (50ms)
				AfterProcessingInitializeOnLoad (0ms)
				EditorAssembliesLoaded (0ms)
			ExecutionOrderSort2 (0ms)
			AwakeInstancesAfterBackupRestoration (0ms)
Platform modules already initialized, skipping
Registering precompiled user dll's ...
Registered in 0.015734 seconds.
Begin MonoManager ReloadAssembly
Native extension for WindowsStandalone target not found
Refreshing native plugins compatible for Editor in 0.55 ms, found 5 plugins.
Preloading 2 native plugins for Editor in 0.16 ms.
System.NullReferenceException: Object reference not set to an instance of an object
  at Vuforia.EditorClasses.ExtensionTypeProvider.GetVuforiaPackageAbsPath () [0x0004a] in <67f168408fbf4fce9c04342c093e9fe7>:0 
  at Vuforia.EditorClasses.ExtensionTypeProvider.IsPackageManager () [0x00000] in <67f168408fbf4fce9c04342c093e9fe7>:0 
  at Vuforia.EditorClasses.ExtensionTypeProvider.ResolvePluginType () [0x00009] in <67f168408fbf4fce9c04342c093e9fe7>:0 
  at Vuforia.EditorClasses.ExtensionTypeProvider.GetPluginType () [0x0000c] in <67f168408fbf4fce9c04342c093e9fe7>:0 
  at Vuforia.EditorClasses.VuforiaUtilities.IsVuforiaEnabledInPlayerSettings () [0x00000] in <67f168408fbf4fce9c04342c093e9fe7>:0 
  at VuforiaEnabledObserver..cctor () [0x00000] in <67f168408fbf4fce9c04342c093e9fe7>:0 
UnityEngine.StackTraceUtility:ExtractStackTrace ()
UnityEngine.DebugLogHandler:LogFormat (UnityEngine.LogType,UnityEngine.Object,string,object[])
UnityEngine.Logger:Log (UnityEngine.LogType,object)
UnityEngine.Debug:LogError (object)
UnityEditor.EditorAssemblies:ProcessInitializeOnLoadAttributes (System.Type[])

System.NullReferenceException: Object reference not set to an instance of an object
  at Vuforia.EditorClasses.ExtensionTypeProvider.GetVuforiaPackageAbsPath () [0x0004a] in <67f168408fbf4fce9c04342c093e9fe7>:0 
  at Vuforia.EditorClasses.ExtensionTypeProvider.IsPackageManager () [0x00000] in <67f168408fbf4fce9c04342c093e9fe7>:0 
  at Vuforia.EditorClasses.ExtensionTypeProvider.ResolvePluginType () [0x00009] in <67f168408fbf4fce9c04342c093e9fe7>:0 
  at Vuforia.EditorClasses.ExtensionTypeProvider.GetPluginType () [0x0000c] in <67f168408fbf4fce9c04342c093e9fe7>:0 
  at Vuforia.EditorClasses.VuforiaUtilities.IsVuforiaEnabledInPlayerSettings () [0x00000] in <67f168408fbf4fce9c04342c093e9fe7>:0 
  at Vuforia.EditorClasses.InitializeOnLoadVuforiaTaskRunner..cctor () [0x00015] in <67f168408fbf4fce9c04342c093e9fe7>:0 
UnityEngine.StackTraceUtility:ExtractStackTrace ()
UnityEngine.DebugLogHandler:LogFormat (UnityEngine.LogType,UnityEngine.Object,string,object[])
UnityEngine.Logger:Log (UnityEngine.LogType,object)
UnityEngine.Debug:LogError (object)
UnityEditor.EditorAssemblies:ProcessInitializeOnLoadAttributes (System.Type[])

Mono: successfully reloaded assembly
- Completed reload, in  1.328 seconds
Domain Reload Profiling:
	ReloadAssembly (1329ms)
		BeginReloadAssembly (198ms)
			ExecutionOrderSort (0ms)
			DisableScriptedObjects (7ms)
			BackupInstance (0ms)
			ReleaseScriptingObjects (0ms)
			CreateAndSetChildDomain (25ms)
		EndReloadAssembly (1054ms)
			LoadAssemblies (120ms)
			RebuildTransferFunctionScriptingTraits (0ms)
			SetupTypeCache (368ms)
			ReleaseScriptCaches (0ms)
			RebuildScriptCaches (57ms)
			SetupLoadedEditorAssemblies (395ms)
				LogAssemblyErrors (0ms)
				InitializePlatformSupportModulesInManaged (5ms)
				SetLoadedEditorAssemblies (0ms)
				RefreshPlugins (1ms)
				BeforeProcessingInitializeOnLoad (108ms)
				ProcessInitializeOnLoadAttributes (267ms)
				ProcessInitializeOnLoadMethodAttributes (4ms)
				AfterProcessingInitializeOnLoad (9ms)
				EditorAssembliesLoaded (0ms)
			ExecutionOrderSort2 (0ms)
			AwakeInstancesAfterBackupRestoration (7ms)
Platform modules already initialized, skipping
========================================================================
Worker process is ready to serve import requests
Launched and connected shader compiler UnityShaderCompiler.exe after 0.17 seconds
Refreshing native plugins compatible for Editor in 0.88 ms, found 5 plugins.
Preloading 2 native plugins for Editor in 0.16 ms.
Unloading 1534 Unused Serialized files (Serialized files now loaded: 0)
System memory in use before: 75.4 MB.
System memory in use after: 75.4 MB.

Unloading 44 unused Assets to reduce memory usage. Loaded Objects now: 2234.
Total: 4.433400 ms (FindLiveObjects: 0.473300 ms CreateObjectMapping: 0.156600 ms MarkObjects: 3.709200 ms  DeleteObjects: 0.092700 ms)

AssetImportParameters requested are different than current active one (requested -> active):
  custom:framework-win-MediaFoundation: 216162199b28c13a410421893ffa2e32 -> 
  custom:video-decoder-ogg-theora: a1e56fd34408186e4bbccfd4996cb3dc -> 
  custom:container-muxer-webm: aa71ff27fc2769a1b78a27578f13a17b -> 
  custom:container-demuxer-webm: 4f35f7cbe854078d1ac9338744f61a02 -> 
  custom:container-demuxer-ogg: 62fdf1f143b41e24485cea50d1cbac27 -> 
  custom:video-encoder-webm-vp8: eb34c28f22e8b96e1ab97ce403110664 -> 
  custom:video-decoder-webm-vp8: 9c59270c3fd7afecdb556c50c9e8de78 -> 
  custom:audio-decoder-ogg-vorbis: bf7c407c2cedff20999df2af8eb42d56 -> 
  custom:audio-encoder-webm-vorbis: bf7c407c2cedff20999df2af8eb42d56 -> 
========================================================================
Received Import Request.
  path: Assets/Resources/VuforiaConfiguration.asset
  artifactKey: Guid(564b39b512c48e54c8aed3c0ecb0f4ce) Importer(815301076,1909f56bfc062723c751e8b465ee728b)
Start importing Assets/Resources/VuforiaConfiguration.asset using Guid(564b39b512c48e54c8aed3c0ecb0f4ce) Importer(815301076,1909f56bfc062723c751e8b465ee728b)  -> (artifact id: '98853281dc62c8821d5c62a667572985') in 0.037727 seconds 
  Import took 0.041369 seconds .

========================================================================
Received Import Request.
  Time since last request: 0.000201 seconds.
  path: Assets/Editor/Vuforia
  artifactKey: Guid(3b318b5996063a14d95c24c308870509) Importer(815301076,1909f56bfc062723c751e8b465ee728b)
Start importing Assets/Editor/Vuforia using Guid(3b318b5996063a14d95c24c308870509) Importer(815301076,1909f56bfc062723c751e8b465ee728b)  -> (artifact id: '734227a77301fdbf93bf66d82c29afb0') in 0.005866 seconds 
  Import took 0.013992 seconds .

========================================================================
Received Import Request.
  Time since last request: 44.230109 seconds.
  path: Assets/Editor/Vuforia/Vuforia_Marslander_RZR_Toy360/d47e9b97bf9b4ecd8afe939754eec55f/1b4ab4cb460b4d5da9cb19b15b28a476_preview.jpg
  artifactKey: Guid(5ab4cad76e8e4c99bf2ec908feb80b1a) Importer(815301076,1909f56bfc062723c751e8b465ee728b)
Start importing Assets/Editor/Vuforia/Vuforia_Marslander_RZR_Toy360/d47e9b97bf9b4ecd8afe939754eec55f/1b4ab4cb460b4d5da9cb19b15b28a476_preview.jpg using Guid(5ab4cad76e8e4c99bf2ec908feb80b1a) Importer(815301076,1909f56bfc062723c751e8b465ee728b)  -> (artifact id: 'a7ec18cff859feda1304be60b2f8b151') in 0.158016 seconds 
  Import took 0.161395 seconds .

========================================================================
Received Import Request.
  Time since last request: 0.000287 seconds.
  path: Assets/SamplesResources/AugmentationAssets/Textures/Astronaut/Astronaut_AO.png
  artifactKey: Guid(d7b0115a70b17034594c343b58769b82) Importer(815301076,1909f56bfc062723c751e8b465ee728b)
Start importing Assets/SamplesResources/AugmentationAssets/Textures/Astronaut/Astronaut_AO.png using Guid(d7b0115a70b17034594c343b58769b82) Importer(815301076,1909f56bfc062723c751e8b465ee728b)  -> (artifact id: '49596591dfef0309fc18d10dcc62b218') in 0.019762 seconds 
  Import took 0.024891 seconds .

========================================================================
Received Import Request.
  Time since last request: 0.000388 seconds.
  path: Assets/Editor/Vuforia/TargetsetData/VuforiaMars_Object/80a921afee0341b991f24822f2a1e228_preview.jpg
  artifactKey: Guid(f78768649fe34456b19d6fc2fb6eac90) Importer(815301076,1909f56bfc062723c751e8b465ee728b)
Start importing Assets/Editor/Vuforia/TargetsetData/VuforiaMars_Object/80a921afee0341b991f24822f2a1e228_preview.jpg using Guid(f78768649fe34456b19d6fc2fb6eac90) Importer(815301076,1909f56bfc062723c751e8b465ee728b)  -> (artifact id: '391434466e2969c9dfff921430d274fc') in 0.017342 seconds 
  Import took 0.022188 seconds .

========================================================================
Received Import Request.
  Time since last request: 0.000197 seconds.
  path: Assets/SamplesResources/SceneAssets/GroundPlane/Sprites/astronaut_off.png
  artifactKey: Guid(4237e85639b064cb4ae44bb7c0df7510) Importer(815301076,1909f56bfc062723c751e8b465ee728b)
Start importing Assets/SamplesResources/SceneAssets/GroundPlane/Sprites/astronaut_off.png using Guid(4237e85639b064cb4ae44bb7c0df7510) Importer(815301076,1909f56bfc062723c751e8b465ee728b)  -> (artifact id: 'd88a3b8a0e1ecb769ce67ca08a09357f') in 0.061554 seconds 
  Import took 0.065652 seconds .

========================================================================
Received Import Request.
  Time since last request: 0.000167 seconds.
  path: Assets/SamplesResources/SceneAssets/GroundPlane/Sprites/astronaut_on.png
  artifactKey: Guid(12e3a18dd1bc545e4b8068297844c20e) Importer(815301076,1909f56bfc062723c751e8b465ee728b)
Start importing Assets/SamplesResources/SceneAssets/GroundPlane/Sprites/astronaut_on.png using Guid(12e3a18dd1bc545e4b8068297844c20e) Importer(815301076,1909f56bfc062723c751e8b465ee728b)  -> (artifact id: '89b37c6cdb3f21732852b232333f4e51') in 0.015857 seconds 
  Import took 0.020624 seconds .

========================================================================
Received Import Request.
  Time since last request: 0.000300 seconds.
  path: Assets/Editor/Vuforia/ImageTargetTextures/VuforiaMars_Images/Astronaut_scaled.jpg
  artifactKey: Guid(77fb44a366db5cb41b8c06649271f8e6) Importer(815301076,1909f56bfc062723c751e8b465ee728b)
Start importing Assets/Editor/Vuforia/ImageTargetTextures/VuforiaMars_Images/Astronaut_scaled.jpg using Guid(77fb44a366db5cb41b8c06649271f8e6) Importer(815301076,1909f56bfc062723c751e8b465ee728b)  -> (artifact id: 'fda8bfb907c5ea7b370dbde0332ad672') in 0.022247 seconds 
  Import took 0.026086 seconds .

========================================================================
Received Import Request.
  Time since last request: 0.000157 seconds.
  path: Assets/SamplesResources/SceneAssets/RuntimeImageTargets/Astronaut.jpg
  artifactKey: Guid(f0d9bcb0daf31468385cd551f205df5a) Importer(815301076,1909f56bfc062723c751e8b465ee728b)
Start importing Assets/SamplesResources/SceneAssets/RuntimeImageTargets/Astronaut.jpg using Guid(f0d9bcb0daf31468385cd551f205df5a) Importer(815301076,1909f56bfc062723c751e8b465ee728b)  -> (artifact id: 'c5c77771446848deee7b370a49257180') in 0.026561 seconds 
  Import took 0.030261 seconds .

========================================================================
Received Import Request.
  Time since last request: 0.000168 seconds.
  path: Assets/SamplesResources/AugmentationAssets/Textures/Astronaut/Astronaut_Albedo.png
  artifactKey: Guid(22eb7c4ce33ed974fa99aaf076c78f66) Importer(815301076,1909f56bfc062723c751e8b465ee728b)
Start importing Assets/SamplesResources/AugmentationAssets/Textures/Astronaut/Astronaut_Albedo.png using Guid(22eb7c4ce33ed974fa99aaf076c78f66) Importer(815301076,1909f56bfc062723c751e8b465ee728b)  -> (artifact id: 'ab4d20bf33fb69494dba4562e002aa23') in 0.014013 seconds 
  Import took 0.018790 seconds .

========================================================================
Received Import Request.
  Time since last request: 1368.907061 seconds.
  path: Assets/3dmodels/cyberVir.obj
  artifactKey: Guid(b031f71380a44674d8d44c5d5e9ab952) Importer(815301076,1909f56bfc062723c751e8b465ee728b)
Start importing Assets/3dmodels/cyberVir.obj using Guid(b031f71380a44674d8d44c5d5e9ab952) Importer(815301076,1909f56bfc062723c751e8b465ee728b)  -> (artifact id: 'd1a643bcd3b5cd488a538bd0290ebca8') in 0.339504 seconds 
  Import took 0.346251 seconds .

========================================================================
Received Import Request.
  Time since last request: 0.000343 seconds.
  path: Assets/3dmodels/VirusComplete.fbx
  artifactKey: Guid(e6ef022783bbe474d8e3d8d1177a5547) Importer(815301076,1909f56bfc062723c751e8b465ee728b)
Start importing Assets/3dmodels/VirusComplete.fbx using Guid(e6ef022783bbe474d8e3d8d1177a5547) Importer(815301076,1909f56bfc062723c751e8b465ee728b)  -> (artifact id: 'a5af04adb7424a794afbfa09e4904324') in 0.061950 seconds 
  Import took 0.065263 seconds .

========================================================================
Received Import Request.
  Time since last request: 0.000171 seconds.
  path: Assets/3dmodels/virus1.fbx
  artifactKey: Guid(09e71b765cb9edb488260473bd4c618e) Importer(815301076,1909f56bfc062723c751e8b465ee728b)
Start importing Assets/3dmodels/virus1.fbx using Guid(09e71b765cb9edb488260473bd4c618e) Importer(815301076,1909f56bfc062723c751e8b465ee728b)  -> (artifact id: '52f5ce96394d4b79437ca6a0237b2e22') in 0.126625 seconds 
  Import took 0.129754 seconds .

========================================================================
Received Import Request.
  Time since last request: 0.000272 seconds.
  path: Assets/3dmodels/VirusComplete_SphereLow_diff.png
  artifactKey: Guid(fe015dafc5a550946abf44efb0217d9f) Importer(815301076,1909f56bfc062723c751e8b465ee728b)
Start importing Assets/3dmodels/VirusComplete_SphereLow_diff.png using Guid(fe015dafc5a550946abf44efb0217d9f) Importer(815301076,1909f56bfc062723c751e8b465ee728b)  -> (artifact id: 'fa4a3cbc47f8c6cabb2431a45cc6daf1') in 0.016896 seconds 
  Import took 0.020779 seconds .

========================================================================
Received Import Request.
  Time since last request: 0.000177 seconds.
  path: Assets/3dmodels/virus1.png
  artifactKey: Guid(fd359626fc1b6dc45a912f0c71c5ec1c) Importer(815301076,1909f56bfc062723c751e8b465ee728b)
Start importing Assets/3dmodels/virus1.png using Guid(fd359626fc1b6dc45a912f0c71c5ec1c) Importer(815301076,1909f56bfc062723c751e8b465ee728b)  -> (artifact id: 'dcacc1a8b161f23cb5b10d8da5726b45') in 0.013364 seconds 
  Import took 0.017097 seconds .

========================================================================
Received Import Request.
  Time since last request: 0.000162 seconds.
  path: Assets/3dmodels/VirusComplete_Parts_diff.png
  artifactKey: Guid(022d9229b4e80454f92ef987c88609c8) Importer(815301076,1909f56bfc062723c751e8b465ee728b)
Start importing Assets/3dmodels/VirusComplete_Parts_diff.png using Guid(022d9229b4e80454f92ef987c88609c8) Importer(815301076,1909f56bfc062723c751e8b465ee728b)  -> (artifact id: '8a31c2d98bb0fc66584585ed5ffb5564') in 0.017812 seconds 
  Import took 0.020747 seconds .

========================================================================
Received Import Request.
  Time since last request: 244.394985 seconds.
  path: Assets/3dmodels
  artifactKey: Guid(4fd36a9f71b62a64eab3c2249dbc3c3d) Importer(815301076,1909f56bfc062723c751e8b465ee728b)
Start importing Assets/3dmodels using Guid(4fd36a9f71b62a64eab3c2249dbc3c3d) Importer(815301076,1909f56bfc062723c751e8b465ee728b)  -> (artifact id: '2503d1597e02a1aed546d85db44383fd') in 0.005973 seconds 
  Import took 0.011931 seconds .

========================================================================
Received Import Request.
  Time since last request: 8.871045 seconds.
  path: Assets/New Material.mat
  artifactKey: Guid(dd3369791d43cb5428251db7a65e7628) Importer(815301076,1909f56bfc062723c751e8b465ee728b)
Start importing Assets/New Material.mat using Guid(dd3369791d43cb5428251db7a65e7628) Importer(815301076,1909f56bfc062723c751e8b465ee728b)  -> (artifact id: 'fda0045d0fbfae73350288311e579130') in 0.027091 seconds 
  Import took 0.031363 seconds .

========================================================================
Received Import Request.
  Time since last request: 7.965314 seconds.
  path: Assets/Materials
  artifactKey: Guid(d2f3da38336984b45aca2a10bf6daf9b) Importer(815301076,1909f56bfc062723c751e8b465ee728b)
Start importing Assets/Materials using Guid(d2f3da38336984b45aca2a10bf6daf9b) Importer(815301076,1909f56bfc062723c751e8b465ee728b)  -> (artifact id: '8d4cc504924a62134348658077bf5f1b') in 0.002988 seconds 
  Import took 0.008072 seconds .

========================================================================
Received Import Request.
  Time since last request: 7.192812 seconds.
  path: Assets/Materials/Virus1.mat
  artifactKey: Guid(be7d50cf6a2ce074498ddec38de28950) Importer(815301076,1909f56bfc062723c751e8b465ee728b)
Start importing Assets/Materials/Virus1.mat using Guid(be7d50cf6a2ce074498ddec38de28950) Importer(815301076,1909f56bfc062723c751e8b465ee728b)  -> (artifact id: '72374441e90a9ce90cfa0980fe5b8185') in 0.018771 seconds 
  Import took 0.023456 seconds .

========================================================================
Received Import Request.
  Time since last request: 37.216475 seconds.
  path: Assets/3dmodels/virus1.png
  artifactKey: Guid(fd359626fc1b6dc45a912f0c71c5ec1c) Importer(815301076,1909f56bfc062723c751e8b465ee728b)
Start importing Assets/3dmodels/virus1.png using Guid(fd359626fc1b6dc45a912f0c71c5ec1c) Importer(815301076,1909f56bfc062723c751e8b465ee728b)  -> (artifact id: 'dc85f0a279b8c4fbad6602800d68e027') in 0.013998 seconds 
  Import took 0.020099 seconds .

========================================================================
Received Import Request.
  Time since last request: 6.281393 seconds.
  path: Assets/Editor/Vuforia/Vuforia_Marslander_RZR_Toy360/531fd89ee0b74baa86c1e50d877121e1/bb1cf8f64dc54f759687d193f19ee4af_preview.jpg
  artifactKey: Guid(365733ba83814f65bdb0bd4e2fa39300) Importer(815301076,1909f56bfc062723c751e8b465ee728b)
Start importing Assets/Editor/Vuforia/Vuforia_Marslander_RZR_Toy360/531fd89ee0b74baa86c1e50d877121e1/bb1cf8f64dc54f759687d193f19ee4af_preview.jpg using Guid(365733ba83814f65bdb0bd4e2fa39300) Importer(815301076,1909f56bfc062723c751e8b465ee728b)  -> (artifact id: '81591ef84f1be937b7b85319f950f643') in 0.074142 seconds 
  Import took 0.078551 seconds .

========================================================================
Received Import Request.
  Time since last request: 0.000343 seconds.
  path: Assets/SamplesResources/SceneAssets/ModelTargets/Sprites/cycle_guide_views.png
  artifactKey: Guid(129fa38745b3c4c6d8616d1aa61e0dc0) Importer(815301076,1909f56bfc062723c751e8b465ee728b)
Start importing Assets/SamplesResources/SceneAssets/ModelTargets/Sprites/cycle_guide_views.png using Guid(129fa38745b3c4c6d8616d1aa61e0dc0) Importer(815301076,1909f56bfc062723c751e8b465ee728b)  -> (artifact id: 'f67125b1ce6df1be1e3cdbc30aac15c9') in 0.022549 seconds 
  Import took 0.025826 seconds .

========================================================================
Received Import Request.
  Time since last request: 0.000372 seconds.
  path: Assets/SamplesResources/SceneAssets/VirtualButtons/Textures/VirtualButtons_wireframeWhite.png
  artifactKey: Guid(a0ae44dd0bf0c42edbbee1dec505a7b5) Importer(815301076,1909f56bfc062723c751e8b465ee728b)
Start importing Assets/SamplesResources/SceneAssets/VirtualButtons/Textures/VirtualButtons_wireframeWhite.png using Guid(a0ae44dd0bf0c42edbbee1dec505a7b5) Importer(815301076,1909f56bfc062723c751e8b465ee728b)  -> (artifact id: '05e6fcf81f604d53526b1ad0059e579e') in 0.011542 seconds 
  Import took 0.015036 seconds .

========================================================================
Received Import Request.
  Time since last request: 0.000216 seconds.
  path: Assets/Common/Sprites/cloud_activity.png
  artifactKey: Guid(f19eaeeec08d8494c838668fa6ff50a1) Importer(815301076,1909f56bfc062723c751e8b465ee728b)
Start importing Assets/Common/Sprites/cloud_activity.png using Guid(f19eaeeec08d8494c838668fa6ff50a1) Importer(815301076,1909f56bfc062723c751e8b465ee728b)  -> (artifact id: '6007723b324cb2481a96e8a6ec2e5aa2') in 0.019656 seconds 
  Import took 0.025798 seconds .

========================================================================
Received Import Request.
  Time since last request: 22.914666 seconds.
  path: Assets/3dmodels/virus1.png
  artifactKey: Guid(fd359626fc1b6dc45a912f0c71c5ec1c) Importer(815301076,1909f56bfc062723c751e8b465ee728b)
Start importing Assets/3dmodels/virus1.png using Guid(fd359626fc1b6dc45a912f0c71c5ec1c) Importer(815301076,1909f56bfc062723c751e8b465ee728b)  -> (artifact id: '41360c04e7776750d504f37517ecb52a') in 0.019315 seconds 
  Import took 0.026357 seconds .

========================================================================
Received Import Request.
  Time since last request: 3.650685 seconds.
  path: Assets/Common/Icons/UWP/StoreLogo.scale-200.png
  artifactKey: Guid(14ed6a767043d254e8d6a07c030bc02d) Importer(815301076,1909f56bfc062723c751e8b465ee728b)
Start importing Assets/Common/Icons/UWP/StoreLogo.scale-200.png using Guid(14ed6a767043d254e8d6a07c030bc02d) Importer(815301076,1909f56bfc062723c751e8b465ee728b)  -> (artifact id: '692fda6eb76c509baf36b96022c3e434') in 0.010578 seconds 
  Import took 0.014768 seconds .

========================================================================
Received Import Request.
  Time since last request: 0.000295 seconds.
  path: Assets/Editor/Vuforia/VuforiaMars_ModelTarget/91f5220e29224e4fa198e66214e43292/VuforiaMars_ModelTarget_Back_preview.jpg
  artifactKey: Guid(fe5f4afb4ba99ea9b6dcb486efae3401) Importer(815301076,1909f56bfc062723c751e8b465ee728b)
Start importing Assets/Editor/Vuforia/VuforiaMars_ModelTarget/91f5220e29224e4fa198e66214e43292/VuforiaMars_ModelTarget_Back_preview.jpg using Guid(fe5f4afb4ba99ea9b6dcb486efae3401) Importer(815301076,1909f56bfc062723c751e8b465ee728b)  -> (artifact id: 'f2a3fc34bd04e222b3749514a176e25a') in 0.027706 seconds 
  Import took 0.032084 seconds .

========================================================================
Received Import Request.
  Time since last request: 0.000278 seconds.
  path: Assets/Editor/Vuforia/VuforiaMars_ModelTarget/91f5220e29224e4fa198e66214e43292/VuforiaMars_ModelTarget_Front_preview.jpg
  artifactKey: Guid(868df247ac8fecc4b04c7714077c3bca) Importer(815301076,1909f56bfc062723c751e8b465ee728b)
Start importing Assets/Editor/Vuforia/VuforiaMars_ModelTarget/91f5220e29224e4fa198e66214e43292/VuforiaMars_ModelTarget_Front_preview.jpg using Guid(868df247ac8fecc4b04c7714077c3bca) Importer(815301076,1909f56bfc062723c751e8b465ee728b)  -> (artifact id: '07655d8bd8ab0c271a13c278abdf7148') in 0.035199 seconds 
  Import took 0.040935 seconds .

========================================================================
Received Import Request.
  Time since last request: 0.000458 seconds.
  path: Assets/Common/Sprites/vuforia_logo.png
  artifactKey: Guid(e0866a3fe6007224a9e3078d831ce6fc) Importer(815301076,1909f56bfc062723c751e8b465ee728b)
Start importing Assets/Common/Sprites/vuforia_logo.png using Guid(e0866a3fe6007224a9e3078d831ce6fc) Importer(815301076,1909f56bfc062723c751e8b465ee728b)  -> (artifact id: '703b16e09185eb189dab4758c11dc7fa') in 0.020335 seconds 
  Import took 0.029179 seconds .

========================================================================
Received Import Request.
  Time since last request: 0.000361 seconds.
  path: Assets/Common/Icons/UWP/StoreLogo.scale-400.png
  artifactKey: Guid(4f570e58f5db8b54aaef3d6295101b95) Importer(815301076,1909f56bfc062723c751e8b465ee728b)
Start importing Assets/Common/Icons/UWP/StoreLogo.scale-400.png using Guid(4f570e58f5db8b54aaef3d6295101b95) Importer(815301076,1909f56bfc062723c751e8b465ee728b)  -> (artifact id: '3a27c45f0ed79b86edcf793df9c1924b') in 0.014981 seconds 
  Import took 0.022719 seconds .

========================================================================
Received Import Request.
  Time since last request: 132.667786 seconds.
  path: Assets/Editor
  artifactKey: Guid(c4ea4db5ea0655c489a6c10ba5043bf9) Importer(815301076,1909f56bfc062723c751e8b465ee728b)
Start importing Assets/Editor using Guid(c4ea4db5ea0655c489a6c10ba5043bf9) Importer(815301076,1909f56bfc062723c751e8b465ee728b)  -> (artifact id: '806e75023bdf3e3b13e7d77dcddfb090') in 0.003253 seconds 
  Import took 0.007392 seconds .

========================================================================
Received Import Request.
  Time since last request: 8.285161 seconds.
  path: Assets/Materials/CyberVirus.mat
  artifactKey: Guid(487b1700f192c2146aa74042b28743f1) Importer(815301076,1909f56bfc062723c751e8b465ee728b)
Start importing Assets/Materials/CyberVirus.mat using Guid(487b1700f192c2146aa74042b28743f1) Importer(815301076,1909f56bfc062723c751e8b465ee728b)  -> (artifact id: 'bb5919e853dee289023c4f165aea4577') in 0.013487 seconds 
  Import took 0.020448 seconds .

========================================================================
Received Import Request.
  Time since last request: 48.931483 seconds.
  path: Assets/SamplesResources/SceneAssets/ImageTargets/Textures/VuforiaSizzleReel.png
  artifactKey: Guid(0201225039c14413d81bec5f4713be25) Importer(815301076,1909f56bfc062723c751e8b465ee728b)
Start importing Assets/SamplesResources/SceneAssets/ImageTargets/Textures/VuforiaSizzleReel.png using Guid(0201225039c14413d81bec5f4713be25) Importer(815301076,1909f56bfc062723c751e8b465ee728b)  -> (artifact id: 'c778c835d8259091000e804b50d85654') in 0.016264 seconds 
  Import took 0.020469 seconds .

========================================================================
Received Import Request.
  Time since last request: 0.000382 seconds.
  path: Assets/SamplesResources/SceneAssets/VuMarks/Sprites/vumark_card.png
  artifactKey: Guid(ca82b136a476d47ad98feb1b06840111) Importer(815301076,1909f56bfc062723c751e8b465ee728b)
Start importing Assets/SamplesResources/SceneAssets/VuMarks/Sprites/vumark_card.png using Guid(ca82b136a476d47ad98feb1b06840111) Importer(815301076,1909f56bfc062723c751e8b465ee728b)  -> (artifact id: 'aae5c0c5acc8eab17ad5a8b3bae82dc5') in 0.016347 seconds 
  Import took 0.020555 seconds .

========================================================================
Received Import Request.
  Time since last request: 57.876987 seconds.
  path: Assets/Materials/CyberVirusCompletePart.mat
  artifactKey: Guid(88e906f816782984baa6b08b2702f8dc) Importer(815301076,1909f56bfc062723c751e8b465ee728b)
Start importing Assets/Materials/CyberVirusCompletePart.mat using Guid(88e906f816782984baa6b08b2702f8dc) Importer(815301076,1909f56bfc062723c751e8b465ee728b)  -> (artifact id: 'f668124e88bc0efe34338a3da867fc6d') in 0.014337 seconds 
  Import took 0.019693 seconds .

========================================================================
Received Prepare
Registering precompiled user dll's ...
Registered in 0.015922 seconds.
Begin MonoManager ReloadAssembly
Native extension for WindowsStandalone target not found
Refreshing native plugins compatible for Editor in 0.71 ms, found 5 plugins.
Preloading 2 native plugins for Editor in 0.16 ms.
System.NullReferenceException: Object reference not set to an instance of an object
  at Vuforia.EditorClasses.ExtensionTypeProvider.GetVuforiaPackageAbsPath () [0x0004a] in <67f168408fbf4fce9c04342c093e9fe7>:0 
  at Vuforia.EditorClasses.ExtensionTypeProvider.IsPackageManager () [0x00000] in <67f168408fbf4fce9c04342c093e9fe7>:0 
  at Vuforia.EditorClasses.ExtensionTypeProvider.ResolvePluginType () [0x00009] in <67f168408fbf4fce9c04342c093e9fe7>:0 
  at Vuforia.EditorClasses.ExtensionTypeProvider.GetPluginType () [0x0000c] in <67f168408fbf4fce9c04342c093e9fe7>:0 
  at Vuforia.EditorClasses.VuforiaUtilities.IsVuforiaEnabledInPlayerSettings () [0x00000] in <67f168408fbf4fce9c04342c093e9fe7>:0 
  at VuforiaEnabledObserver..cctor () [0x00000] in <67f168408fbf4fce9c04342c093e9fe7>:0 
UnityEngine.StackTraceUtility:ExtractStackTrace ()
UnityEngine.DebugLogHandler:LogFormat (UnityEngine.LogType,UnityEngine.Object,string,object[])
UnityEngine.Logger:Log (UnityEngine.LogType,object)
UnityEngine.Debug:LogError (object)
UnityEditor.EditorAssemblies:ProcessInitializeOnLoadAttributes (System.Type[])

System.NullReferenceException: Object reference not set to an instance of an object
  at Vuforia.EditorClasses.ExtensionTypeProvider.GetVuforiaPackageAbsPath () [0x0004a] in <67f168408fbf4fce9c04342c093e9fe7>:0 
  at Vuforia.EditorClasses.ExtensionTypeProvider.IsPackageManager () [0x00000] in <67f168408fbf4fce9c04342c093e9fe7>:0 
  at Vuforia.EditorClasses.ExtensionTypeProvider.ResolvePluginType () [0x00009] in <67f168408fbf4fce9c04342c093e9fe7>:0 
  at Vuforia.EditorClasses.ExtensionTypeProvider.GetPluginType () [0x0000c] in <67f168408fbf4fce9c04342c093e9fe7>:0 
  at Vuforia.EditorClasses.VuforiaUtilities.IsVuforiaEnabledInPlayerSettings () [0x00000] in <67f168408fbf4fce9c04342c093e9fe7>:0 
  at Vuforia.EditorClasses.InitializeOnLoadVuforiaTaskRunner..cctor () [0x00015] in <67f168408fbf4fce9c04342c093e9fe7>:0 
UnityEngine.StackTraceUtility:ExtractStackTrace ()
UnityEngine.DebugLogHandler:LogFormat (UnityEngine.LogType,UnityEngine.Object,string,object[])
UnityEngine.Logger:Log (UnityEngine.LogType,object)
UnityEngine.Debug:LogError (object)
UnityEditor.EditorAssemblies:ProcessInitializeOnLoadAttributes (System.Type[])

Mono: successfully reloaded assembly
- Completed reload, in  1.377 seconds
Domain Reload Profiling:
	ReloadAssembly (1378ms)
		BeginReloadAssembly (184ms)
			ExecutionOrderSort (0ms)
			DisableScriptedObjects (4ms)
			BackupInstance (0ms)
			ReleaseScriptingObjects (0ms)
			CreateAndSetChildDomain (71ms)
		EndReloadAssembly (1099ms)
			LoadAssemblies (153ms)
			RebuildTransferFunctionScriptingTraits (0ms)
			SetupTypeCache (389ms)
			ReleaseScriptCaches (2ms)
			RebuildScriptCaches (50ms)
			SetupLoadedEditorAssemblies (381ms)
				LogAssemblyErrors (0ms)
				InitializePlatformSupportModulesInManaged (8ms)
				SetLoadedEditorAssemblies (1ms)
				RefreshPlugins (1ms)
				BeforeProcessingInitializeOnLoad (94ms)
				ProcessInitializeOnLoadAttributes (263ms)
				ProcessInitializeOnLoadMethodAttributes (5ms)
				AfterProcessingInitializeOnLoad (9ms)
				EditorAssembliesLoaded (0ms)
			ExecutionOrderSort2 (0ms)
			AwakeInstancesAfterBackupRestoration (7ms)
Platform modules already initialized, skipping
Refreshing native plugins compatible for Editor in 1.05 ms, found 5 plugins.
Preloading 2 native plugins for Editor in 0.22 ms.
Unloading 1504 Unused Serialized files (Serialized files now loaded: 0)
System memory in use before: 76.4 MB.
System memory in use after: 76.5 MB.

Unloading 39 unused Assets to reduce memory usage. Loaded Objects now: 2287.
Total: 4.428000 ms (FindLiveObjects: 0.372000 ms CreateObjectMapping: 0.112600 ms MarkObjects: 3.904300 ms  DeleteObjects: 0.038200 ms)

AssetImportParameters requested are different than current active one (requested -> active):
  custom:framework-win-MediaFoundation: 216162199b28c13a410421893ffa2e32 -> 
  custom:video-decoder-ogg-theora: a1e56fd34408186e4bbccfd4996cb3dc -> 
  custom:container-muxer-webm: aa71ff27fc2769a1b78a27578f13a17b -> 
  custom:container-demuxer-webm: 4f35f7cbe854078d1ac9338744f61a02 -> 
  custom:container-demuxer-ogg: 62fdf1f143b41e24485cea50d1cbac27 -> 
  custom:video-encoder-webm-vp8: eb34c28f22e8b96e1ab97ce403110664 -> 
  custom:video-decoder-webm-vp8: 9c59270c3fd7afecdb556c50c9e8de78 -> 
  custom:audio-decoder-ogg-vorbis: bf7c407c2cedff20999df2af8eb42d56 -> 
  custom:audio-encoder-webm-vorbis: bf7c407c2cedff20999df2af8eb42d56 -> 
========================================================================
Received Prepare
Registering precompiled user dll's ...
Registered in 0.013135 seconds.
Begin MonoManager ReloadAssembly
Native extension for WindowsStandalone target not found
Refreshing native plugins compatible for Editor in 0.98 ms, found 5 plugins.
Preloading 2 native plugins for Editor in 0.18 ms.
System.NullReferenceException: Object reference not set to an instance of an object
  at Vuforia.EditorClasses.ExtensionTypeProvider.GetVuforiaPackageAbsPath () [0x0004a] in <67f168408fbf4fce9c04342c093e9fe7>:0 
  at Vuforia.EditorClasses.ExtensionTypeProvider.IsPackageManager () [0x00000] in <67f168408fbf4fce9c04342c093e9fe7>:0 
  at Vuforia.EditorClasses.ExtensionTypeProvider.ResolvePluginType () [0x00009] in <67f168408fbf4fce9c04342c093e9fe7>:0 
  at Vuforia.EditorClasses.ExtensionTypeProvider.GetPluginType () [0x0000c] in <67f168408fbf4fce9c04342c093e9fe7>:0 
  at Vuforia.EditorClasses.VuforiaUtilities.IsVuforiaEnabledInPlayerSettings () [0x00000] in <67f168408fbf4fce9c04342c093e9fe7>:0 
  at VuforiaEnabledObserver..cctor () [0x00000] in <67f168408fbf4fce9c04342c093e9fe7>:0 
UnityEngine.StackTraceUtility:ExtractStackTrace ()
UnityEngine.DebugLogHandler:LogFormat (UnityEngine.LogType,UnityEngine.Object,string,object[])
UnityEngine.Logger:Log (UnityEngine.LogType,object)
UnityEngine.Debug:LogError (object)
UnityEditor.EditorAssemblies:ProcessInitializeOnLoadAttributes (System.Type[])

System.NullReferenceException: Object reference not set to an instance of an object
  at Vuforia.EditorClasses.ExtensionTypeProvider.GetVuforiaPackageAbsPath () [0x0004a] in <67f168408fbf4fce9c04342c093e9fe7>:0 
  at Vuforia.EditorClasses.ExtensionTypeProvider.IsPackageManager () [0x00000] in <67f168408fbf4fce9c04342c093e9fe7>:0 
  at Vuforia.EditorClasses.ExtensionTypeProvider.ResolvePluginType () [0x00009] in <67f168408fbf4fce9c04342c093e9fe7>:0 
  at Vuforia.EditorClasses.ExtensionTypeProvider.GetPluginType () [0x0000c] in <67f168408fbf4fce9c04342c093e9fe7>:0 
  at Vuforia.EditorClasses.VuforiaUtilities.IsVuforiaEnabledInPlayerSettings () [0x00000] in <67f168408fbf4fce9c04342c093e9fe7>:0 
  at Vuforia.EditorClasses.InitializeOnLoadVuforiaTaskRunner..cctor () [0x00015] in <67f168408fbf4fce9c04342c093e9fe7>:0 
UnityEngine.StackTraceUtility:ExtractStackTrace ()
UnityEngine.DebugLogHandler:LogFormat (UnityEngine.LogType,UnityEngine.Object,string,object[])
UnityEngine.Logger:Log (UnityEngine.LogType,object)
UnityEngine.Debug:LogError (object)
UnityEditor.EditorAssemblies:ProcessInitializeOnLoadAttributes (System.Type[])

Mono: successfully reloaded assembly
- Completed reload, in  1.203 seconds
Domain Reload Profiling:
	ReloadAssembly (1204ms)
		BeginReloadAssembly (132ms)
			ExecutionOrderSort (0ms)
			DisableScriptedObjects (5ms)
			BackupInstance (0ms)
			ReleaseScriptingObjects (0ms)
			CreateAndSetChildDomain (41ms)
		EndReloadAssembly (989ms)
			LoadAssemblies (114ms)
			RebuildTransferFunctionScriptingTraits (0ms)
			SetupTypeCache (357ms)
			ReleaseScriptCaches (1ms)
			RebuildScriptCaches (45ms)
			SetupLoadedEditorAssemblies (353ms)
				LogAssemblyErrors (0ms)
				InitializePlatformSupportModulesInManaged (8ms)
				SetLoadedEditorAssemblies (1ms)
				RefreshPlugins (1ms)
				BeforeProcessingInitializeOnLoad (89ms)
				ProcessInitializeOnLoadAttributes (241ms)
				ProcessInitializeOnLoadMethodAttributes (5ms)
				AfterProcessingInitializeOnLoad (8ms)
				EditorAssembliesLoaded (0ms)
			ExecutionOrderSort2 (0ms)
			AwakeInstancesAfterBackupRestoration (6ms)
Platform modules already initialized, skipping
Refreshing native plugins compatible for Editor in 0.56 ms, found 5 plugins.
Preloading 2 native plugins for Editor in 0.12 ms.
Unloading 1504 Unused Serialized files (Serialized files now loaded: 0)
System memory in use before: 76.4 MB.
System memory in use after: 76.5 MB.

Unloading 39 unused Assets to reduce memory usage. Loaded Objects now: 2289.
Total: 4.345400 ms (FindLiveObjects: 0.283600 ms CreateObjectMapping: 0.076600 ms MarkObjects: 3.944000 ms  DeleteObjects: 0.034100 ms)

AssetImportParameters requested are different than current active one (requested -> active):
  custom:framework-win-MediaFoundation: 216162199b28c13a410421893ffa2e32 -> 
  custom:video-decoder-ogg-theora: a1e56fd34408186e4bbccfd4996cb3dc -> 
  custom:container-muxer-webm: aa71ff27fc2769a1b78a27578f13a17b -> 
  custom:container-demuxer-webm: 4f35f7cbe854078d1ac9338744f61a02 -> 
  custom:container-demuxer-ogg: 62fdf1f143b41e24485cea50d1cbac27 -> 
  custom:video-encoder-webm-vp8: eb34c28f22e8b96e1ab97ce403110664 -> 
  custom:video-decoder-webm-vp8: 9c59270c3fd7afecdb556c50c9e8de78 -> 
  custom:audio-decoder-ogg-vorbis: bf7c407c2cedff20999df2af8eb42d56 -> 
  custom:audio-encoder-webm-vorbis: bf7c407c2cedff20999df2af8eb42d56 -> 
========================================================================
Received Prepare
Registering precompiled user dll's ...
Registered in 0.016684 seconds.
Begin MonoManager ReloadAssembly
Native extension for WindowsStandalone target not found
Refreshing native plugins compatible for Editor in 0.86 ms, found 5 plugins.
Preloading 2 native plugins for Editor in 0.26 ms.
System.NullReferenceException: Object reference not set to an instance of an object
  at Vuforia.EditorClasses.ExtensionTypeProvider.GetVuforiaPackageAbsPath () [0x0004a] in <67f168408fbf4fce9c04342c093e9fe7>:0 
  at Vuforia.EditorClasses.ExtensionTypeProvider.IsPackageManager () [0x00000] in <67f168408fbf4fce9c04342c093e9fe7>:0 
  at Vuforia.EditorClasses.ExtensionTypeProvider.ResolvePluginType () [0x00009] in <67f168408fbf4fce9c04342c093e9fe7>:0 
  at Vuforia.EditorClasses.ExtensionTypeProvider.GetPluginType () [0x0000c] in <67f168408fbf4fce9c04342c093e9fe7>:0 
  at Vuforia.EditorClasses.VuforiaUtilities.IsVuforiaEnabledInPlayerSettings () [0x00000] in <67f168408fbf4fce9c04342c093e9fe7>:0 
  at VuforiaEnabledObserver..cctor () [0x00000] in <67f168408fbf4fce9c04342c093e9fe7>:0 
UnityEngine.StackTraceUtility:ExtractStackTrace ()
UnityEngine.DebugLogHandler:LogFormat (UnityEngine.LogType,UnityEngine.Object,string,object[])
UnityEngine.Logger:Log (UnityEngine.LogType,object)
UnityEngine.Debug:LogError (object)
UnityEditor.EditorAssemblies:ProcessInitializeOnLoadAttributes (System.Type[])

System.NullReferenceException: Object reference not set to an instance of an object
  at Vuforia.EditorClasses.ExtensionTypeProvider.GetVuforiaPackageAbsPath () [0x0004a] in <67f168408fbf4fce9c04342c093e9fe7>:0 
  at Vuforia.EditorClasses.ExtensionTypeProvider.IsPackageManager () [0x00000] in <67f168408fbf4fce9c04342c093e9fe7>:0 
  at Vuforia.EditorClasses.ExtensionTypeProvider.ResolvePluginType () [0x00009] in <67f168408fbf4fce9c04342c093e9fe7>:0 
  at Vuforia.EditorClasses.ExtensionTypeProvider.GetPluginType () [0x0000c] in <67f168408fbf4fce9c04342c093e9fe7>:0 
  at Vuforia.EditorClasses.VuforiaUtilities.IsVuforiaEnabledInPlayerSettings () [0x00000] in <67f168408fbf4fce9c04342c093e9fe7>:0 
  at Vuforia.EditorClasses.InitializeOnLoadVuforiaTaskRunner..cctor () [0x00015] in <67f168408fbf4fce9c04342c093e9fe7>:0 
UnityEngine.StackTraceUtility:ExtractStackTrace ()
UnityEngine.DebugLogHandler:LogFormat (UnityEngine.LogType,UnityEngine.Object,string,object[])
UnityEngine.Logger:Log (UnityEngine.LogType,object)
UnityEngine.Debug:LogError (object)
UnityEditor.EditorAssemblies:ProcessInitializeOnLoadAttributes (System.Type[])

Mono: successfully reloaded assembly
- Completed reload, in  1.484 seconds
Domain Reload Profiling:
	ReloadAssembly (1485ms)
		BeginReloadAssembly (163ms)
			ExecutionOrderSort (0ms)
			DisableScriptedObjects (5ms)
			BackupInstance (0ms)
			ReleaseScriptingObjects (0ms)
			CreateAndSetChildDomain (52ms)
		EndReloadAssembly (1243ms)
			LoadAssemblies (134ms)
			RebuildTransferFunctionScriptingTraits (0ms)
			SetupTypeCache (488ms)
			ReleaseScriptCaches (2ms)
			RebuildScriptCaches (56ms)
			SetupLoadedEditorAssemblies (445ms)
				LogAssemblyErrors (0ms)
				InitializePlatformSupportModulesInManaged (8ms)
				SetLoadedEditorAssemblies (0ms)
				RefreshPlugins (1ms)
				BeforeProcessingInitializeOnLoad (112ms)
				ProcessInitializeOnLoadAttributes (305ms)
				ProcessInitializeOnLoadMethodAttributes (6ms)
				AfterProcessingInitializeOnLoad (12ms)
				EditorAssembliesLoaded (0ms)
			ExecutionOrderSort2 (0ms)
			AwakeInstancesAfterBackupRestoration (12ms)
Platform modules already initialized, skipping
Refreshing native plugins compatible for Editor in 0.64 ms, found 5 plugins.
Preloading 2 native plugins for Editor in 0.16 ms.
Unloading 1504 Unused Serialized files (Serialized files now loaded: 0)
System memory in use before: 76.4 MB.
System memory in use after: 76.5 MB.

Unloading 39 unused Assets to reduce memory usage. Loaded Objects now: 2291.
Total: 3.580100 ms (FindLiveObjects: 0.282500 ms CreateObjectMapping: 0.133800 ms MarkObjects: 3.123500 ms  DeleteObjects: 0.038800 ms)

AssetImportParameters requested are different than current active one (requested -> active):
  custom:framework-win-MediaFoundation: 216162199b28c13a410421893ffa2e32 -> 
  custom:video-decoder-ogg-theora: a1e56fd34408186e4bbccfd4996cb3dc -> 
  custom:container-muxer-webm: aa71ff27fc2769a1b78a27578f13a17b -> 
  custom:container-demuxer-webm: 4f35f7cbe854078d1ac9338744f61a02 -> 
  custom:container-demuxer-ogg: 62fdf1f143b41e24485cea50d1cbac27 -> 
  custom:video-encoder-webm-vp8: eb34c28f22e8b96e1ab97ce403110664 -> 
  custom:video-decoder-webm-vp8: 9c59270c3fd7afecdb556c50c9e8de78 -> 
  custom:audio-decoder-ogg-vorbis: bf7c407c2cedff20999df2af8eb42d56 -> 
  custom:audio-encoder-webm-vorbis: bf7c407c2cedff20999df2af8eb42d56 -> 
